[    0.000000] Linux version 4.15.0-140-generic (buildd@lgw01-amd64-054) (gcc version 7.5.0 (Ubuntu 7.5.0-3ubuntu1~18.04)) #144-Ubuntu SMP Fri Mar 19 14:12:35 UTC 2021 (Ubuntu 4.15.0-140.144-generic 4.15.18)
[    0.000000] Command line: BOOT_IMAGE=/boot/vmlinuz-4.15.0-140-generic root=LABEL=cloudimg-rootfs ro console=tty1 console=ttyS0
[    0.000000] KERNEL supported cpus:
[    0.000000]   Intel GenuineIntel
[    0.000000]   AMD AuthenticAMD
[    0.000000]   Centaur CentaurHauls
[    0.000000] x86/fpu: Supporting XSAVE feature 0x001: 'x87 floating point registers'
[    0.000000] x86/fpu: Supporting XSAVE feature 0x002: 'SSE registers'
[    0.000000] x86/fpu: Supporting XSAVE feature 0x004: 'AVX registers'
[    0.000000] x86/fpu: xstate_offset[2]:  576, xstate_sizes[2]:  256
[    0.000000] x86/fpu: Enabled xstate features 0x7, context size is 832 bytes, using 'standard' format.
[    0.000000] e820: BIOS-provided physical RAM map:
[    0.000000] BIOS-e820: [mem 0x0000000000000000-0x000000000009fbff] usable
[    0.000000] BIOS-e820: [mem 0x000000000009fc00-0x000000000009ffff] reserved
[    0.000000] BIOS-e820: [mem 0x00000000000f0000-0x00000000000fffff] reserved
[    0.000000] BIOS-e820: [mem 0x0000000000100000-0x00000000dffeffff] usable
[    0.000000] BIOS-e820: [mem 0x00000000dfff0000-0x00000000dfffffff] ACPI data
[    0.000000] BIOS-e820: [mem 0x00000000fec00000-0x00000000fec00fff] reserved
[    0.000000] BIOS-e820: [mem 0x00000000fee00000-0x00000000fee00fff] reserved
[    0.000000] BIOS-e820: [mem 0x00000000fffc0000-0x00000000ffffffff] reserved
[    0.000000] BIOS-e820: [mem 0x0000000100000000-0x000000011fffffff] usable
[    0.000000] NX (Execute Disable) protection: active
[    0.000000] SMBIOS 2.5 present.
[    0.000000] DMI: innotek GmbH VirtualBox/VirtualBox, BIOS VirtualBox 12/01/2006
[    0.000000] Hypervisor detected: KVM
[    0.000000] e820: last_pfn = 0x120000 max_arch_pfn = 0x400000000
[    0.000000] MTRR: Disabled
[    0.000000] x86/PAT: MTRRs disabled, skipping PAT initialization too.
[    0.000000] CPU MTRRs all blank - virtualized system.
[    0.000000] x86/PAT: Configuration [0-7]: WB  WT  UC- UC  WB  WT  UC- UC  
[    0.000000] e820: last_pfn = 0xdfff0 max_arch_pfn = 0x400000000
[    0.000000] found SMP MP-table at [mem 0x0009fff0-0x0009ffff]
[    0.000000] Scanning 1 areas for low memory corruption
[    0.000000] RAMDISK: [mem 0x35a61000-0x36d27fff]
[    0.000000] ACPI: Early table checksum verification disabled
[    0.000000] ACPI: RSDP 0x00000000000E0000 000024 (v02 VBOX  )
[    0.000000] ACPI: XSDT 0x00000000DFFF0030 00003C (v01 VBOX   VBOXXSDT 00000001 ASL  00000061)
[    0.000000] ACPI: FACP 0x00000000DFFF00F0 0000F4 (v04 VBOX   VBOXFACP 00000001 ASL  00000061)
[    0.000000] ACPI: DSDT 0x00000000DFFF0470 002325 (v02 VBOX   VBOXBIOS 00000002 INTL 20100528)
[    0.000000] ACPI: FACS 0x00000000DFFF0200 000040
[    0.000000] ACPI: FACS 0x00000000DFFF0200 000040
[    0.000000] ACPI: APIC 0x00000000DFFF0240 00005C (v02 VBOX   VBOXAPIC 00000001 ASL  00000061)
[    0.000000] ACPI: SSDT 0x00000000DFFF02A0 0001CC (v01 VBOX   VBOXCPUT 00000002 INTL 20100528)
[    0.000000] No NUMA configuration found
[    0.000000] Faking a node at [mem 0x0000000000000000-0x000000011fffffff]
[    0.000000] NODE_DATA(0) allocated [mem 0x11ffd1000-0x11fffbfff]
[    0.000000] kvm-clock: cpu 0, msr 1:1ff50001, primary cpu clock
[    0.000000] kvm-clock: Using msrs 4b564d01 and 4b564d00
[    0.000000] kvm-clock: using sched offset of 3355440821 cycles
[    0.000000] clocksource: kvm-clock: mask: 0xffffffffffffffff max_cycles: 0x1cd42e4dffb, max_idle_ns: 881590591483 ns
[    0.000000] Zone ranges:
[    0.000000]   DMA      [mem 0x0000000000001000-0x0000000000ffffff]
[    0.000000]   DMA32    [mem 0x0000000001000000-0x00000000ffffffff]
[    0.000000]   Normal   [mem 0x0000000100000000-0x000000011fffffff]
[    0.000000]   Device   empty
[    0.000000] Movable zone start for each node
[    0.000000] Early memory node ranges
[    0.000000]   node   0: [mem 0x0000000000001000-0x000000000009efff]
[    0.000000]   node   0: [mem 0x0000000000100000-0x00000000dffeffff]
[    0.000000]   node   0: [mem 0x0000000100000000-0x000000011fffffff]
[    0.000000] Reserved but unavailable: 98 pages
[    0.000000] Initmem setup node 0 [mem 0x0000000000001000-0x000000011fffffff]
[    0.000000] ACPI: PM-Timer IO Port: 0x4008
[    0.000000] IOAPIC[0]: apic_id 2, version 32, address 0xfec00000, GSI 0-23
[    0.000000] ACPI: INT_SRC_OVR (bus 0 bus_irq 0 global_irq 2 dfl dfl)
[    0.000000] ACPI: INT_SRC_OVR (bus 0 bus_irq 9 global_irq 9 low level)
[    0.000000] Using ACPI (MADT) for SMP configuration information
[    0.000000] smpboot: Allowing 2 CPUs, 0 hotplug CPUs
[    0.000000] PM: Registered nosave memory: [mem 0x00000000-0x00000fff]
[    0.000000] PM: Registered nosave memory: [mem 0x0009f000-0x0009ffff]
[    0.000000] PM: Registered nosave memory: [mem 0x000a0000-0x000effff]
[    0.000000] PM: Registered nosave memory: [mem 0x000f0000-0x000fffff]
[    0.000000] PM: Registered nosave memory: [mem 0xdfff0000-0xdfffffff]
[    0.000000] PM: Registered nosave memory: [mem 0xe0000000-0xfebfffff]
[    0.000000] PM: Registered nosave memory: [mem 0xfec00000-0xfec00fff]
[    0.000000] PM: Registered nosave memory: [mem 0xfec01000-0xfedfffff]
[    0.000000] PM: Registered nosave memory: [mem 0xfee00000-0xfee00fff]
[    0.000000] PM: Registered nosave memory: [mem 0xfee01000-0xfffbffff]
[    0.000000] PM: Registered nosave memory: [mem 0xfffc0000-0xffffffff]
[    0.000000] e820: [mem 0xe0000000-0xfebfffff] available for PCI devices
[    0.000000] Booting paravirtualized kernel on KVM
[    0.000000] clocksource: refined-jiffies: mask: 0xffffffff max_cycles: 0xffffffff, max_idle_ns: 7645519600211568 ns
[    0.000000] random: get_random_bytes called from start_kernel+0x99/0x500 with crng_init=0
[    0.000000] setup_percpu: NR_CPUS:8192 nr_cpumask_bits:2 nr_cpu_ids:2 nr_node_ids:1
[    0.000000] percpu: Embedded 45 pages/cpu s147456 r8192 d28672 u1048576
[    0.000000] PV qspinlock hash table entries: 256 (order: 0, 4096 bytes)
[    0.000000] Built 1 zonelists, mobility grouping on.  Total pages: 1032057
[    0.000000] Policy zone: Normal
[    0.000000] Kernel command line: BOOT_IMAGE=/boot/vmlinuz-4.15.0-140-generic root=LABEL=cloudimg-rootfs ro console=tty1 console=ttyS0
[    0.000000] Memory: 4013624K/4193848K available (12300K kernel code, 2483K rwdata, 4276K rodata, 2440K init, 2724K bss, 180224K reserved, 0K cma-reserved)
[    0.000000] SLUB: HWalign=64, Order=0-3, MinObjects=0, CPUs=2, Nodes=1
[    0.000000] ftrace: allocating 39429 entries in 155 pages
[    0.004000] Hierarchical RCU implementation.
[    0.004000] 	RCU restricting CPUs from NR_CPUS=8192 to nr_cpu_ids=2.
[    0.004000] 	Tasks RCU enabled.
[    0.004000] RCU: Adjusting geometry for rcu_fanout_leaf=16, nr_cpu_ids=2
[    0.004000] NR_IRQS: 524544, nr_irqs: 440, preallocated irqs: 16
[    0.004000] Console: colour VGA+ 80x25
[    0.004000] console [tty1] enabled
[    0.004000] console [ttyS0] enabled
[    0.004000] ACPI: Core revision 20170831
[    0.004000] ACPI: 2 ACPI AML tables successfully acquired and loaded
[    0.004000] APIC: Switch to symmetric I/O mode setup
[    0.004000] x2apic enabled
[    0.004000] Switched APIC routing to physical x2apic.
[    0.004000] ..TIMER: vector=0x30 apic1=0 pin1=2 apic2=-1 pin2=-1
[    0.004000] tsc: Detected 2711.998 MHz processor
[    0.004000] Calibrating delay loop (skipped) preset value.. 5423.99 BogoMIPS (lpj=10847992)
[    0.004003] pid_max: default: 32768 minimum: 301
[    0.004491] Security Framework initialized
[    0.004954] Yama: becoming mindful.
[    0.005349] AppArmor: AppArmor initialized
[    0.012071] Dentry cache hash table entries: 524288 (order: 10, 4194304 bytes)
[    0.015681] Inode-cache hash table entries: 262144 (order: 9, 2097152 bytes)
[    0.016011] Mount-cache hash table entries: 8192 (order: 4, 65536 bytes)
[    0.016676] Mountpoint-cache hash table entries: 8192 (order: 4, 65536 bytes)
[    0.017652] Last level iTLB entries: 4KB 64, 2MB 8, 4MB 8
[    0.018207] Last level dTLB entries: 4KB 64, 2MB 0, 4MB 0, 1GB 4
[    0.018798] Spectre V1 : Mitigation: usercopy/swapgs barriers and __user pointer sanitization
[    0.020002] Spectre V2 : Mitigation: Full generic retpoline
[    0.020644] Spectre V2 : Spectre v2 / SpectreRSB mitigation: Filling RSB on context switch
[    0.021465] Speculative Store Bypass: Vulnerable
[    0.022045] Freeing SMP alternatives memory: 36K
[    0.132068] smpboot: CPU0: Intel(R) Core(TM) i7-10850H CPU @ 2.70GHz (family: 0x6, model: 0xa5, stepping: 0x2)
[    0.133192] Performance Events: unsupported p6 CPU model 165 no PMU driver, software events only.
[    0.134186] Hierarchical SRCU implementation.
[    0.135062] NMI watchdog: Perf event create on CPU 0 failed with -2
[    0.135720] NMI watchdog: Perf NMI watchdog permanently disabled
[    0.136028] smp: Bringing up secondary CPUs ...
[    0.139373] x86: Booting SMP configuration:
[    0.140001] .... node  #0, CPUs:      #1
[    0.004000] kvm-clock: cpu 1, msr 1:1ff50041, secondary cpu clock
[    0.144003] smp: Brought up 1 node, 2 CPUs
[    0.144490] smpboot: Max logical packages: 1
[    0.144977] smpboot: Total of 2 processors activated (10847.99 BogoMIPS)
[    0.145775] devtmpfs: initialized
[    0.145775] x86/mm: Memory block size: 128MB
[    0.145775] evm: security.selinux
[    0.145775] evm: security.SMACK64
[    0.148003] evm: security.SMACK64EXEC
[    0.148449] evm: security.SMACK64TRANSMUTE
[    0.148923] evm: security.SMACK64MMAP
[    0.149461] evm: security.apparmor
[    0.149871] evm: security.ima
[    0.150270] evm: security.capability
[    0.150726] clocksource: jiffies: mask: 0xffffffff max_cycles: 0xffffffff, max_idle_ns: 7645041785100000 ns
[    0.152006] futex hash table entries: 512 (order: 3, 32768 bytes)
[    0.152655] pinctrl core: initialized pinctrl subsystem
[    0.153338] RTC time: 21:23:31, date: 04/07/21
[    0.153909] NET: Registered protocol family 16
[    0.154407] audit: initializing netlink subsys (disabled)
[    0.155023] audit: type=2000 audit(1617830616.575:1): state=initialized audit_enabled=0 res=1
[    0.156007] cpuidle: using governor ladder
[    0.156474] cpuidle: using governor menu
[    0.156992] ACPI: bus type PCI registered
[    0.157444] acpiphp: ACPI Hot Plug PCI Controller Driver version: 0.5
[    0.158352] PCI: Using configuration type 1 for base access
[    0.160024] HugeTLB registered 2.00 MiB page size, pre-allocated 0 pages
[    0.160731] ACPI: Added _OSI(Module Device)
[    0.160731] ACPI: Added _OSI(Processor Device)
[    0.161019] ACPI: Added _OSI(3.0 _SCP Extensions)
[    0.161505] ACPI: Added _OSI(Processor Aggregator Device)
[    0.162154] ACPI: Added _OSI(Linux-Dell-Video)
[    0.162660] ACPI: Added _OSI(Linux-Lenovo-NV-HDMI-Audio)
[    0.164002] ACPI: Added _OSI(Linux-HPI-Hybrid-Graphics)
[    0.164715] ACPI: Executed 1 blocks of module-level executable AML code
[    0.167376] ACPI: Interpreter enabled
[    0.168009] ACPI: (supports S0 S5)
[    0.168370] ACPI: Using IOAPIC for interrupt routing
[    0.169006] PCI: Using host bridge windows from ACPI; if necessary, use "pci=nocrs" and report a bug
[    0.170111] ACPI: Enabled 2 GPEs in block 00 to 07
[    0.175006] ACPI: PCI Root Bridge [PCI0] (domain 0000 [bus 00-ff])
[    0.175691] acpi PNP0A03:00: _OSC: OS supports [ASPM ClockPM Segments MSI]
[    0.176297] acpi PNP0A03:00: _OSC: not requesting OS control; OS requires [ExtendedConfig ASPM ClockPM MSI]
[    0.177302] acpi PNP0A03:00: fail to add MMCONFIG information, can't access extended PCI configuration space under this bridge.
[    0.178705] PCI host bridge to bus 0000:00
[    0.179129] pci_bus 0000:00: root bus resource [io  0x0000-0x0cf7 window]
[    0.180002] pci_bus 0000:00: root bus resource [io  0x0d00-0xffff window]
[    0.181105] pci_bus 0000:00: root bus resource [mem 0x000a0000-0x000bffff window]
[    0.181895] pci_bus 0000:00: root bus resource [mem 0xe0000000-0xfdffffff window]
[    0.182673] pci_bus 0000:00: root bus resource [bus 00-ff]
[    0.185226] pci 0000:00:01.1: legacy IDE quirk: reg 0x10: [io  0x01f0-0x01f7]
[    0.185907] pci 0000:00:01.1: legacy IDE quirk: reg 0x14: [io  0x03f6]
[    0.186829] pci 0000:00:01.1: legacy IDE quirk: reg 0x18: [io  0x0170-0x0177]
[    0.188000] pci 0000:00:01.1: legacy IDE quirk: reg 0x1c: [io  0x0376]
[    0.211139] pci 0000:00:07.0: quirk: [io  0x4000-0x403f] claimed by PIIX4 ACPI
[    0.212011] pci 0000:00:07.0: quirk: [io  0x4100-0x410f] claimed by PIIX4 SMB
[    0.229037] ACPI: PCI Interrupt Link [LNKA] (IRQs 5 9 10 *11)
[    0.229959] ACPI: PCI Interrupt Link [LNKB] (IRQs 5 9 *10 11)
[    0.230655] ACPI: PCI Interrupt Link [LNKC] (IRQs 5 *9 10 11)
[    0.231362] ACPI: PCI Interrupt Link [LNKD] (IRQs 5 9 10 *11)
[    0.232158] SCSI subsystem initialized
[    0.232696] pci 0000:00:02.0: vgaarb: setting as boot VGA device
[    0.232696] pci 0000:00:02.0: vgaarb: VGA device added: decodes=io+mem,owns=io+mem,locks=none
[    0.233820] pci 0000:00:02.0: vgaarb: bridge control possible
[    0.234445] vgaarb: loaded
[    0.234841] ACPI: bus type USB registered
[    0.235290] usbcore: registered new interface driver usbfs
[    0.236015] usbcore: registered new interface driver hub
[    0.236555] usbcore: registered new device driver usb
[    0.237105] EDAC MC: Ver: 3.0.0
[    0.237105] PCI: Using ACPI for IRQ routing
[    0.237105] NetLabel: Initializing
[    0.237105] NetLabel:  domain hash size = 128
[    0.237465] NetLabel:  protocols = UNLABELED CIPSOv4 CALIPSO
[    0.240015] NetLabel:  unlabeled traffic allowed by default
[    0.240782] clocksource: Switched to clocksource kvm-clock
[    0.258378] VFS: Disk quotas dquot_6.6.0
[    0.258923] VFS: Dquot-cache hash table entries: 512 (order 0, 4096 bytes)
[    0.259757] AppArmor: AppArmor Filesystem Enabled
[    0.260348] pnp: PnP ACPI init
[    0.261416] pnp: PnP ACPI: found 3 devices
[    0.270034] clocksource: acpi_pm: mask: 0xffffff max_cycles: 0xffffff, max_idle_ns: 2085701024 ns
[    0.271014] NET: Registered protocol family 2
[    0.271690] TCP established hash table entries: 32768 (order: 6, 262144 bytes)
[    0.272596] TCP bind hash table entries: 32768 (order: 7, 524288 bytes)
[    0.273569] TCP: Hash tables configured (established 32768 bind 32768)
[    0.274296] UDP hash table entries: 2048 (order: 4, 65536 bytes)
[    0.274939] UDP-Lite hash table entries: 2048 (order: 4, 65536 bytes)
[    0.275658] NET: Registered protocol family 1
[    0.276180] pci 0000:00:00.0: Limiting direct PCI/PCI transfers
[    0.276824] pci 0000:00:01.0: Activating ISA DMA hang workarounds
[    0.277469] pci 0000:00:02.0: Video device with shadowed ROM at [mem 0x000c0000-0x000dffff]
[    0.278394] Unpacking initramfs...
[    0.535587] Freeing initrd memory: 19228K
[    0.536278] PCI-DMA: Using software bounce buffering for IO (SWIOTLB)
[    0.536968] software IO TLB: mapped [mem 0xdbff0000-0xdfff0000] (64MB)
[    0.537673] clocksource: tsc: mask: 0xffffffffffffffff max_cycles: 0x27178451938, max_idle_ns: 440795251172 ns
[    0.538777] platform rtc_cmos: registered platform RTC device (no PNP device found)
[    0.539784] Scanning for low memory corruption every 60 seconds
[    0.540992] Initialise system trusted keyrings
[    0.541494] Key type blacklist registered
[    0.542082] workingset: timestamp_bits=36 max_order=20 bucket_order=0
[    0.546213] zbud: loaded
[    0.546837] squashfs: version 4.0 (2009/01/31) Phillip Lougher
[    0.547764] fuse init (API version 7.26)
[    0.556704] Key type asymmetric registered
[    0.557608] Asymmetric key parser 'x509' registered
[    0.558153] Block layer SCSI generic (bsg) driver version 0.4 loaded (major 246)
[    0.559023] io scheduler noop registered
[    0.559470] io scheduler deadline registered
[    0.559967] io scheduler cfq registered (default)
[    0.560667] ACPI: AC Adapter [AC] (on-line)
[    0.561175] input: Power Button as /devices/LNXSYSTM:00/LNXPWRBN:00/input/input0
[    0.562058] ACPI: Power Button [PWRF]
[    0.562614] input: Sleep Button as /devices/LNXSYSTM:00/LNXSLPBN:00/input/input1
[    0.563453] ACPI: Sleep Button [SLPF]
[    0.564581] ACPI: Battery Slot [BAT0] (battery present)
[    0.565178] Serial: 8250/16550 driver, 32 ports, IRQ sharing enabled
[    0.586470] 00:02: ttyS0 at I/O 0x3f8 (irq = 4, base_baud = 115200) is a 16550A
[    0.589390] Linux agpgart interface v0.103
[    0.593838] loop: module loaded
[    0.594559] scsi host0: ata_piix
[    0.595243] scsi host1: ata_piix
[    0.595787] ata1: PATA max UDMA/33 cmd 0x1f0 ctl 0x3f6 bmdma 0xd000 irq 14
[    0.596903] ata2: PATA max UDMA/33 cmd 0x170 ctl 0x376 bmdma 0xd008 irq 15
[    0.598092] libphy: Fixed MDIO Bus: probed
[    0.598632] tun: Universal TUN/TAP device driver, 1.6
[    0.599279] PPP generic driver version 2.4.2
[    0.599876] ehci_hcd: USB 2.0 'Enhanced' Host Controller (EHCI) Driver
[    0.600687] ehci-pci: EHCI PCI platform driver
[    0.601186] ehci-platform: EHCI generic platform driver
[    0.601807] ohci_hcd: USB 1.1 'Open' Host Controller (OHCI) Driver
[    0.602447] ohci-pci: OHCI PCI platform driver
[    0.602917] ohci-platform: OHCI generic platform driver
[    0.603481] uhci_hcd: USB Universal Host Controller Interface driver
[    0.604127] i8042: PNP: PS/2 Controller [PNP0303:PS2K,PNP0f03:PS2M] at 0x60,0x64 irq 1,12
[    0.605514] serio: i8042 KBD port at 0x60,0x64 irq 1
[    0.606279] serio: i8042 AUX port at 0x60,0x64 irq 12
[    0.607154] mousedev: PS/2 mouse device common for all mice
[    0.608586] input: AT Translated Set 2 keyboard as /devices/platform/i8042/serio0/input/input2
[    0.609531] rtc_cmos rtc_cmos: rtc core: registered rtc_cmos as rtc0
[    0.610331] rtc_cmos rtc_cmos: alarms up to one day, 114 bytes nvram
[    0.610952] i2c /dev entries driver
[    0.611388] device-mapper: uevent: version 1.0.3
[    0.611997] device-mapper: ioctl: 4.37.0-ioctl (2017-09-20) initialised: dm-devel@redhat.com
[    0.612979] ledtrig-cpu: registered to indicate activity on CPUs
[    0.614092] NET: Registered protocol family 10
[    0.620261] Segment Routing with IPv6
[    0.620677] NET: Registered protocol family 17
[    0.621187] Key type dns_resolver registered
[    0.621813] mce: Using 0 MCE banks
[    0.622189] RAS: Correctable Errors collector initialized.
[    0.622831] sched_clock: Marking stable (621796764, 0)->(897708562, -275911798)
[    0.624136] registered taskstats version 1
[    0.624570] Loading compiled-in X.509 certificates
[    0.626407] Loaded X.509 cert 'Build time autogenerated kernel key: f44537957b99d83206ce3e6a27744bf062e80295'
[    0.627403] zswap: loaded using pool lzo/zbud
[    0.630192] Key type big_key registered
[    0.630654] Key type trusted registered
[    0.632064] Key type encrypted registered
[    0.632581] AppArmor: AppArmor sha1 policy hashing enabled
[    0.633211] ima: No TPM chip found, activating TPM-bypass! (rc=-19)
[    0.633905] ima: Allocated hash algorithm: sha1
[    0.634408] evm: HMAC attrs: 0x1
[    0.634949]   Magic number: 1:564:398
[    0.635432] rtc_cmos rtc_cmos: setting system clock to 2021-04-07 21:23:32 UTC (1617830612)
[    0.636376] BIOS EDD facility v0.16 2004-Jun-25, 0 devices found
[    0.637040] EDD information not available.
[    1.144574] Freeing unused kernel image memory: 2440K
[    1.360747] Write protecting the kernel read-only data: 20480k
[    1.362289] Freeing unused kernel image memory: 2008K
[    1.369265] Freeing unused kernel image memory: 1868K
[    1.377786] x86/mm: Checked W+X mappings: passed, no W+X pages found.
Loading, please wait...
starting version 237
[    1.422484] Fusion MPT base driver 3.04.20
[    1.423180] Copyright (c) 1999-2008 LSI Corporation
[    1.423929] e1000: Intel(R) PRO/1000 Network Driver - version 7.3.21-k8-NAPI
[    1.424716] e1000: Copyright (c) 1999-2006 Intel Corporation.
[    1.432245] Fusion MPT SPI Host driver 3.04.20
[    1.440141] AVX2 version of gcm_enc/dec engaged.
[    1.440752] AES CTR mode by8 optimization enabled
[    1.639073] input: ImExPS/2 Generic Explorer Mouse as /devices/platform/i8042/serio1/input/input4
[    2.370644] e1000 0000:00:03.0 eth0: (PCI:33MHz:32-bit) 02:d6:90:5a:f6:76
[    2.371418] e1000 0000:00:03.0 eth0: Intel(R) PRO/1000 Network Connection
[    3.383258] e1000 0000:00:08.0 eth1: (PCI:33MHz:32-bit) 08:00:27:e8:2e:52
[    3.384203] e1000 0000:00:08.0 eth1: Intel(R) PRO/1000 Network Connection
[    3.386061] mptbase: ioc0: Initiating bringup
[    3.386213] e1000 0000:00:08.0 enp0s8: renamed from eth1
[    3.404281] e1000 0000:00:03.0 enp0s3: renamed from eth0
[    3.484218] ioc0: LSI53C1030 A0: Capabilities={Initiator}
[    3.733032] scsi host2: ioc0: LSI53C1030 A0, FwRev=00000000h, Ports=1, MaxQ=256, IRQ=20
[    3.902028] scsi 2:0:0:0: Direct-Access     VBOX     HARDDISK         1.0  PQ: 0 ANSI: 5
[    3.936158] scsi target2:0:0: Beginning Domain Validation
[    3.945034] scsi target2:0:0: Domain Validation skipping write tests
[    3.945692] scsi target2:0:0: Ending Domain Validation
[    3.946255] scsi target2:0:0: asynchronous
[    3.946986] scsi 2:0:1:0: Direct-Access     VBOX     HARDDISK         1.0  PQ: 0 ANSI: 5
[    4.322159] scsi target2:0:1: Beginning Domain Validation
[    4.328413] random: fast init done
[    4.328914] scsi target2:0:1: Domain Validation skipping write tests
[    4.329545] scsi target2:0:1: Ending Domain Validation
[    4.330193] scsi target2:0:1: asynchronous
[    4.333531] random: systemd-udevd: uninitialized urandom read (16 bytes read)
[    4.334331] sd 2:0:0:0: Attached scsi generic sg0 type 0
[    4.334339] random: systemd-udevd: uninitialized urandom read (16 bytes read)
[    4.336145] random: systemd-udevd: uninitialized urandom read (16 bytes read)
[    4.337013] sd 2:0:1:0: Attached scsi generic sg1 type 0
[    4.337678] sd 2:0:0:0: [sda] 83886080 512-byte logical blocks: (42.9 GB/40.0 GiB)
[    4.338531] sd 2:0:1:0: [sdb] 20480 512-byte logical blocks: (10.5 MB/10.0 MiB)
[    4.339319] sd 2:0:0:0: [sda] Write Protect is off
[    4.339910] sd 2:0:1:0: [sdb] Write Protect is off
[    4.340569] sd 2:0:0:0: [sda] Incomplete mode parameter data
[    4.341178] sd 2:0:0:0: [sda] Assuming drive cache: write through
[    4.341822] sd 2:0:1:0: [sdb] Incomplete mode parameter data
[    4.342506] sd 2:0:1:0: [sdb] Assuming drive cache: write through
[    4.345415]  sda: sda1
[    4.346743] sd 2:0:0:0: [sda] Attached SCSI disk
[    4.347376] sd 2:0:1:0: [sdb] Attached SCSI disk
Begin: Loading essential drivers ... [    5.688434] raid6: sse2x1   gen() 15823 MB/s
[    5.736262] raid6: sse2x1   xor()  9286 MB/s
[    5.784080] raid6: sse2x2   gen() 19443 MB/s
[    5.832013] raid6: sse2x2   xor()  9133 MB/s
[    5.880726] raid6: sse2x4   gen() 19794 MB/s
[    5.928516] raid6: sse2x4   xor() 12111 MB/s
[    5.976344] raid6: avx2x1   gen() 28903 MB/s
[    6.024185] raid6: avx2x1   xor() 18445 MB/s
[    6.072011] raid6: avx2x2   gen() 35409 MB/s
[    6.120858] raid6: avx2x2   xor() 24313 MB/s
[    6.168646] raid6: avx2x4   gen() 39892 MB/s
[    6.216472] raid6: avx2x4   xor() 25108 MB/s
[    6.216987] raid6: using algorithm avx2x4 gen() 39892 MB/s
[    6.217654] raid6: .... xor() 25108 MB/s, rmw enabled
[    6.218226] raid6: using avx2x2 recovery algorithm
[    6.219483] xor: automatically using best checksumming function   avx       
[    6.220960] async_tx: api initialized (async)
done.
Begin: Running /scripts/init-premount ... done.
Begin: Mounting root file system ... Begin: Running /scripts/local-top ... done.
Begin: Running /scripts/local-premount ... [    6.252091] Btrfs loaded, crc32c=crc32c-intel
Scanning for Btrfs filesystems
done.
Warning: fsck not present, so skipping root file system
[    6.269273] EXT4-fs (sda1): mounted filesystem with ordered data mode. Opts: (null)
done.
Begin: Running /scripts/local-bottom ... done.
Begin: Running /scripts/init-bottom ... done.
[    6.402752] ip_tables: (C) 2000-2006 Netfilter Core Team
[    6.408727] systemd[1]: systemd 237 running in system mode. (+PAM +AUDIT +SELINUX +IMA +APPARMOR +SMACK +SYSVINIT +UTMP +LIBCRYPTSETUP +GCRYPT +GNUTLS +ACL +XZ +LZ4 +SECCOMP +BLKID +ELFUTILS +KMOD -IDN2 +IDN -PCRE2 default-hierarchy=hybrid)
[    6.410982] systemd[1]: Detected virtualization oracle.
[    6.411577] systemd[1]: Detected architecture x86-64.

Welcome to [1mUbuntu 18.04.5 LTS[0m!

[    6.415088] systemd[1]: Set hostname to <ubuntu>.
[    6.417722] systemd[1]: Initializing machine ID from random generator.
[    6.418408] systemd[1]: Installed transient /etc/machine-id file.
[    6.605697] systemd[1]: Reached target System Time Synchronized.
[[0;32m  OK  [0m] Reached target System Time Synchronized.
[    6.608139] systemd[1]: Created slice User and Session Slice.
[[0;32m  OK  [0m] Created slice User and Session Slice.
[    6.609240] systemd[1]: Started Forward Password Requests to Wall Directory Watch.
[[0;32m  OK  [0m] Started Forward Password Requests to Wall Directory Watch.
[    6.610690] systemd[1]: Set up automount Arbitrary Executable File Formats File System Automount Point.
[[0;32m  OK  [0m] Set up automount Arbitrary Executab…rmats File System Automount Point.
[[0;32m  OK  [0m] Reached target User and Group Name Lookups.
[[0;32m  OK  [0m] Reached target Swap.
[[0;32m  OK  [0m] Created slice System Slice.
[[0;32m  OK  [0m] Listening on Syslog Socket.
[[0;32m  OK  [0m] Listening on Journal Audit Socket.
[[0;32m  OK  [0m] Listening on LVM2 metadata daemon socket.
[[0;32m  OK  [0m] Listening on Device-mapper event daemon FIFOs.
[[0;32m  OK  [0m] Listening on Journal Socket.
         Starting Monitoring of LVM2 mirrors…ng dmeventd or progress polling...
         Starting Uncomplicated firewall...
         Starting Load Kernel Modules...
[[0;32m  OK  [0m] Listening on Network Service Netlink Socket.
[[0;32m  OK  [0m] Reached target Slices.
[[0;32m  OK  [0m] Created slice system-serial\x2dgetty.slice.
         Mounting Kernel Debug File System...
[[0;32m  OK  [0m] Listening on fsck to fsckd communication Socket.
[[0;32m  OK  [0m] Listening on /dev/initctl Compatibility Named Pipe.
         Mounting POSIX Message Queue File System...
         Starting Create list of required st…ce nodes for the current kernel...
[[0;32m  OK  [0m] Listening on LVM2 poll daemon socket.
[[0;32m  OK  [0m] Listening on udev Control Socket.
[[0;32m  OK  [0m] Listening on Journal Socket (/dev/log).
         Starting Journal Service...
         Starting File System Check on Root Device...
[[0;32m  OK  [0m] Listening on udev Kernel Socket.
         Starting udev Coldplug all Devices...
         Starting Set the console keyboard layout...
         Mounting Huge Pages File System...
[[0;32m  OK  [0m] Started LVM2 metadata daemon.
[[0;32m  OK  [0m] Started Uncomplicated firewall.
[    6.676467] Loading iSCSI transport class v2.0-870.
[    6.680343] iscsi: registered transport (tcp)
[    6.693557] iscsi: registered transport (iser)
[[0;32m  OK  [0m] Started Load Kernel Modules.
         Mounting FUSE Control File System...
         Mounting Kernel Configuration File System...
         Starting Apply Kernel Variables...
[[0;32m  OK  [0m] Mounted Kernel Debug File System.
[[0;32m  OK  [0m] Mounted POSIX Message Queue File System.
[[0;32m  OK  [0m] Started Create list of required sta…vice nodes for the current kernel.
[[0;32m  OK  [0m] Mounted Huge Pages File System.
[[0;32m  OK  [0m] Mounted FUSE Control File System.
         Starting Create Static Device Nodes in /dev...
[[0;32m  OK  [0m] Started Journal Service.
[[0;32m  OK  [0m] Mounted Kernel Configuration File System.
[[0;32m  OK  [0m] Started File System Check Daemon to report status.
[[0;32m  OK  [0m] Started udev Coldplug all Devices.
[[0;32m  OK  [0m] Started Create Static Device Nodes in /dev.
[[0;32m  OK  [0m] Started Apply Kernel Variables.
[[0;32m  OK  [0m] Started Monitoring of LVM2 mirrors,…sing dmeventd or progress polling.
[[0;32m  OK  [0m] Started File System Check on Root Device.
         Starting Remount Root and Kernel File Systems...
[[0;32m  OK  [0m] Started Remount Root and Kernel File Systems.
         Starting Load/Save Random Seed...
         Starting Flush Journal to Persistent Storage...
         Starting udev Kernel Device Manager...
[[0;32m  OK  [0m] Started Set the console keyboard layout.
[[0;32m  OK  [0m] Reached target Local File Systems (Pre).
[[0;32m  OK  [0m] Reached target Local File Systems.
         Starting AppArmor initialization...
         Starting ebtables ruleset management...
         Starting Tell Plymouth To Write Out Runtime Data...
         Starting Set console font and keymap...
         Starting Commit a transient machine-id on disk...
[[0;32m  OK  [0m] Started Load/Save Random Seed.
[[0;32m  OK  [0m] Started udev Kernel Device Manager.
[[0;32m  OK  [0m] Started Dispatch Password Requests to Console Directory Watch.
[[0;32m  OK  [0m] Reached target Local Encrypted Volumes.
[[0;32m  OK  [0m] Started Set console font and keymap.
[[0;32m  OK  [0m] Started Tell Plymouth To Write Out Runtime Data.
[[0;32m  OK  [0m] Started Flush Journal to Persistent Storage.
         Starting Create Volatile Files and Directories...
[[0;32m  OK  [0m] Started Commit a transient machine-id on disk.
[[0;32m  OK  [0m] Started Create Volatile Files and Directories.
         Starting Update UTMP about System Boot/Shutdown...
[[0;32m  OK  [0m] Started Update UTMP about System Boot/Shutdown.
[[0;32m  OK  [0m] Found device /dev/ttyS0.
[[0;32m  OK  [0m] Started ebtables ruleset management.
[[0;32m  OK  [0m] Listening on Load/Save RF Kill Switch Status /dev/rfkill Watch.
[[0;32m  OK  [0m] Started AppArmor initialization.
         Starting Load AppArmor profiles managed internally by snapd...
         Starting Initial cloud-init job (pre-networking)...
[[0;32m  OK  [0m] Started Load AppArmor profiles managed internally by snapd.
[    8.287974] cloud-init[589]: Cloud-init v. 20.4.1-0ubuntu1~18.04.1 running 'init-local' at Wed, 07 Apr 2021 21:23:39 +0000. Up 8.07 seconds.
[[0;32m  OK  [0m] Started Initial cloud-init job (pre-networking).
[[0;32m  OK  [0m] Reached target Network (Pre).
         Starting Network Service...
[[0;32m  OK  [0m] Started Network Service.
         Starting Wait for Network to be Configured...
         Starting Network Name Resolution...
[[0;32m  OK  [0m] Started Network Name Resolution.
[[0;32m  OK  [0m] Reached target Network.
[[0;32m  OK  [0m] Reached target Host and Network Name Lookups.
[[0;32m  OK  [0m] Started Wait for Network to be Configured.
         Starting Initial cloud-init job (metadata service crawler)...
[    9.917819] cloud-init[689]: Cloud-init v. 20.4.1-0ubuntu1~18.04.1 running 'init' at Wed, 07 Apr 2021 21:23:41 +0000. Up 9.84 seconds.
[    9.918484] cloud-init[689]: ci-info: ++++++++++++++++++++++++++++++++++++++Net device info+++++++++++++++++++++++++++++++++++++++
[    9.919047] cloud-init[689]: ci-info: +--------+-------+----------------------------+---------------+--------+-------------------+
[    9.919708] cloud-init[689]: ci-info: | Device |   Up  |          Address           |      Mask     | Scope  |     Hw-Address    |
[    9.920291] cloud-init[689]: ci-info: +--------+-------+----------------------------+---------------+--------+-------------------+
[    9.920872] cloud-init[689]: ci-info: | enp0s3 |  True |         10.0.2.15          | 255.255.255.0 | global | 02:d6:90:5a:f6:76 |
[    9.921443] cloud-init[689]: ci-info: | enp0s3 |  True | fe80::d6:90ff:fe5a:f676/64 |       .       |  link  | 02:d6:90:5a:f6:76 |
[    9.922013] cloud-init[689]: ci-info: | enp0s8 | False |             .              |       .       |   .    | 08:00:27:e8:2e:52 |
[    9.922630] cloud-init[689]: ci-info: |   lo   |  True |         127.0.0.1          |   255.0.0.0   |  host  |         .         |
[    9.923188] cloud-init[689]: ci-info: |   lo   |  True |          ::1/128           |       .       |  host  |         .         |
[    9.923732] cloud-init[689]: ci-info: +--------+-------+----------------------------+---------------+--------+-------------------+
[    9.924420] cloud-init[689]: ci-info: ++++++++++++++++++++++++++++Route IPv4 info+++++++++++++++++++++++++++++
[    9.924912] cloud-init[689]: ci-info: +-------+-------------+----------+-----------------+-----------+-------+
[    9.936325] cloud-init[689]: ci-info: | Route | Destination | Gateway  |     Genmask     | Interface | Flags |
[    9.936926] cloud-init[689]: ci-info: +-------+-------------+----------+-----------------+-----------+-------+
[    9.937554] cloud-init[689]: ci-info: |   0   |   0.0.0.0   | 10.0.2.2 |     0.0.0.0     |   enp0s3  |   UG  |
[    9.938255] cloud-init[689]: ci-info: |   1   |   10.0.2.0  | 0.0.0.0  |  255.255.255.0  |   enp0s3  |   U   |
[    9.938925] cloud-init[689]: ci-info: |   2   |   10.0.2.2  | 0.0.0.0  | 255.255.255.255 |   enp0s3  |   UH  |
[    9.939649] cloud-init[689]: ci-info: +-------+-------------+----------+-----------------+-----------+-------+
[    9.940338] cloud-init[689]: ci-info: +++++++++++++++++++Route IPv6 info+++++++++++++++++++
[    9.940948] cloud-init[689]: ci-info: +-------+-------------+---------+-----------+-------+
[    9.941466] cloud-init[689]: ci-info: | Route | Destination | Gateway | Interface | Flags |
[    9.942088] cloud-init[689]: ci-info: +-------+-------------+---------+-----------+-------+
[    9.944679] cloud-init[689]: ci-info: |   1   |  fe80::/64  |    ::   |   enp0s3  |   U   |
[    9.960217] cloud-init[689]: ci-info: |   3   |    local    |    ::   |   enp0s3  |   U   |
[    9.976604] cloud-init[689]: ci-info: |   4   |   ff00::/8  |    ::   |   enp0s3  |   U   |
[    9.977061] cloud-init[689]: ci-info: +-------+-------------+---------+-----------+-------+
[   10.486474] cloud-init[689]: Generating public/private rsa key pair.
[   10.486905] cloud-init[689]: Your identification has been saved in /etc/ssh/ssh_host_rsa_key.
[   10.487400] cloud-init[689]: Your public key has been saved in /etc/ssh/ssh_host_rsa_key.pub.
[   10.487840] cloud-init[689]: The key fingerprint is:
[   10.500374] cloud-init[689]: SHA256:iSybo4wDiJRMYoZ9X1yjPr/OmdBJanb5oa3RE2iDZ+4 root@ubuntu-bionic
[   10.500891] cloud-init[689]: The key's randomart image is:
[[   10.516229] [0;32m  OK  [0mcloud-init] [689]: Started Initial cloud-init job (metadata service crawler).+---[RSA 2048]----+

[   10.516908] cloud-init[689]: |..     . .o      |
[[0;32m  OK  [0m] Reached target System Initialization.
[   10.517231] cloud-init[689]: |o+. .   o. .     |
[[0;32m  OK  [0m] Started Daily Cleanup of Temporary Directories.
[   10.528551] cloud-init[689]: |* .. . ..        |
[[0;32m  OK  [0m] Started Message of the Day.
[[0;32m  OK  [0m] Listening on UUID daemon activation socket.
[   10.529373] cloud-init[689]: | +   ..o o .     |
[[   10.530390] [0;32m  OK  [0mcloud-init] [689]: Started Discard unused blocks once a week.|+   . o S B .    |

[[   10.530941] cloud-init[689]: |+    +   @ = .   |
[   10.530995] cloud-init[689]: |.   +   = O +    |
[   10.531179] cloud-init[689]: |.o . . o = O o   |
[   10.531354] cloud-init[689]: |..o      .E.o    |
[   10.531419] cloud-init[689]: +----[SHA256]-----+
[   10.531610] cloud-init[689]: Generating public/private dsa key pair.
[   10.531679] cloud-init[689]: Your identification has been saved in /etc/ssh/ssh_host_dsa_key.
[   10.531803] cloud-init[689]: Your public key has been saved in /etc/ssh/ssh_host_dsa_key.pub.
[   10.531993] cloud-init[689]: The key fingerprint is:
[   10.532185] cloud-init[689]: SHA256:Np62gnl/0RkGOw63BbigJCgxkkX/xy3d33RES1rYGu8 root@ubuntu-bionic
[   10.532372] cloud-init[689]: The key's randomart image is:
[   10.532494] cloud-init[689]: +---[DSA 1024]----+
[   10.532678] cloud-init[689]: |+*o      .    oo.|
[   10.532745] cloud-init[689]: |=.... . . o  o+o.|
[   10.532868] cloud-init[689]: |.  o.. . . + .+..|
[   10.533076] cloud-init[689]: |    .. .oo+.+. o |
[   10.533202] cloud-init[689]: |      . S+o*.o. o|
[   10.533326] cloud-init[689]: |       + ++ o. E.|
[   10.533449] cloud-init[689]: |     o  +  .  . .|
[   10.533567] cloud-init[689]: |    o o. ..      |
[   10.533632] cloud-init[689]: |     . oo.       |
[   10.533750] cloud-init[689]: +----[SHA256]-----+
[   10.533885] cloud-init[689]: Generating public/private ecdsa key pair.
[   10.533947] cloud-init[689]: Your identification has been saved in /etc/ssh/ssh_host_ecdsa_key.
[   10.534140] cloud-init[689]: Your public key has been saved in /etc/ssh/ssh_host_ecdsa_key.pub.
[   10.534320] cloud-init[689]: The key fingerprint is:
[   10.534514] cloud-init[689]: SHA256:WMrhxOdLAcfgdbFr0EFum2EqQKk3TvO0PvK7Gzb16hE root@ubuntu-bionic
[   10.534700] cloud-init[689]: The key's randomart image is:
[   10.534820] cloud-init[689]: +---[ECDSA 256]---+
[   10.534999] cloud-init[689]: |    ..ooo.=.     |
[   10.535141] cloud-init[689]: |   ..o +.+ o     |
[   10.535334] cloud-init[689]: |   .. = = B      |
[   10.535461] cloud-init[689]: |  . ==.B * =     |
[   10.535647] cloud-init[689]: |   + =*.E =      |
[   10.535834] cloud-init[689]: |    . o+ =       |
[   10.535900] cloud-init[689]: |     .+ o .      |
[   10.536168] cloud-init[689]: |    ..oo o       |
[   10.536366] cloud-init[689]: |     o=*o        |
[   10.536538] cloud-init[689]: +----[SHA256]-----+
[   10.536659] cloud-init[689]: Generating public/private ed25519 key pair.
[   10.536789] cloud-init[689]: Your identification has been saved in /etc/ssh/ssh_host_ed25519_key.
[   10.536855] cloud-init[689]: Your public key has been saved in /etc/ssh/ssh_host_ed25519_key.pub.
[   10.537017] cloud-init[689]: The key fingerprint is:
[   10.537079] cloud-init[689]: SHA256:xdgeT9eWn18FH1kSyJeQJBI7tnTwQxVIzmyD1FD/CZE root@ubuntu-bionic
[   10.537256] cloud-init[689]: The key's randomart image is:
[   10.537430] cloud-init[689]: +--[ED25519 256]--+
[   10.537568] cloud-init[689]: |        **==**+++|
[   10.537700] cloud-init[689]: |       . #ooE.o*o|
[   10.537828] cloud-init[689]: |        B # +...=|
[   10.537930] cloud-init[689]: |       o B * + o+|
[   10.538066] cloud-init[689]: |        S . . o.o|
[   10.538181] cloud-init[689]: |                o|
[   10.538373] cloud-init[689]: |                .|
[   10.538501] cloud-init[689]: |                 |
[   10.538570] cloud-init[689]: |                 |
[   10.538623] cloud-init[689]: +----[SHA256]-----+
[0;32m  OK  [0m] Listening on Open-iSCSI iscsid Socket.
[[0;32m  OK  [0m] Listening on ACPID Listen Socket.
[[0;32m  OK  [0m] Started Daily apt download activities.
[[0;32m  OK  [0m] Listening on D-Bus System Message Bus Socket.
[[0;32m  OK  [0m] Started Daily apt upgrade and clean activities.
         Starting LXD - unix socket.
[[0;32m  OK  [0m] Reached target Timers.
[[0;32m  OK  [0m] Started ACPI Events Check.
[[0;32m  OK  [0m] Reached target Paths.
         Starting Socket activation for snappy daemon.
[[0;32m  OK  [0m] Reached target Network is Online.
         Starting Availability of block devices...
[[0;32m  OK  [0m] Reached target Remote File Systems (Pre).
[[0;32m  OK  [0m] Reached target Remote File Systems.
[[0;32m  OK  [0m] Reached target Cloud-config availability.
[[0;32m  OK  [0m] Listening on LXD - unix socket.
[[0;32m  OK  [0m] Listening on Socket activation for snappy daemon.
[[0;32m  OK  [0m] Reached target Sockets.
[[0;32m  OK  [0m] Reached target Basic System.
         Starting Pollinate to seed the pseudo random number generator...
         Starting LSB: automatic crash report generation...
         Starting Login Service...
         Starting Accounts Service...
         Starting LSB: Record successful boot for GRUB...
[[0;32m  OK  [0m] Started D-Bus System Message Bus.
[[0;32m  OK  [0m] Started Login Service.
[[0;32m  OK  [0m] Started FUSE filesystem for LXC.
[[0;32m  OK  [0m] Started Regular background program processing daemon.
         Starting Virtualbox guest utils...
         Starting Permit User Sessions...
         Starting Snap Daemon...
[[0;32m  OK  [0m] Started irqbalance daemon.
         Starting System Logging Service...
[[0;32m  OK  [0m] Started Unattended Upgrades Shutdown.
[[0;32m  OK  [0m] Started Deferred execution scheduler.
         Starting Dispatcher daemon for systemd-networkd...
         Starting LXD - container startup/shutdown...
[[0;32m  OK  [0m] Started Availability of block devices.
[[0;32m  OK  [0m] Started System Logging Service.
[[0;32m  OK  [0m] Started Permit User Sessions.
         Starting Hold until boot process finishes up...
         Starting Terminate Plymouth Boot Screen...
         Starting Authorization Manager...
[[0;32m  OK  [0m] Started Hold until boot process finishes up.
[[0;32m  OK  [0m] Started Terminate Plymouth Boot Screen.
         Starting Set console scheme...
[[0;32m  OK  [0m] Started Serial Getty on ttyS0.
[[0;32m  OK  [0m] Started LSB: automatic crash report generation.
[[0;32m  OK  [0m] Started LSB: Record successful boot for GRUB.
[[0;32m  OK  [0m] Started Authorization Manager.
[[0;32m  OK  [0m] Started Accounts Service.
[[0;32m  OK  [0m] Started Set console scheme.
[[0;32m  OK  [0m] Created slice system-getty.slice.
[[0;32m  OK  [0m] Started Getty on tty1.
[[0;32m  OK  [0m] Reached target Login Prompts.
[[0;32m  OK  [0m] Started Virtualbox guest utils.
[[0;32m  OK  [0m] Started Dispatcher daemon for systemd-networkd.
[[0;32m  OK  [0m] Started LXD - container startup/shutdown.
[[0;32m  OK  [0m] Started Snap Daemon.
         Starting Wait until snapd is fully seeded...
[[0;32m  OK  [0m] Started Pollinate to seed the pseudo random number generator.
         Starting OpenBSD Secure Shell server...
[[0;32m  OK  [0m] Started OpenBSD Secure Shell server.
[[0;32m  OK  [0m] Created slice User Slice of vagrant.
         Starting User Manager for UID 1000...
[[0;32m  OK  [0m] Started Session 1 of user vagrant.
[[0;32m  OK  [0m] Started User Manager for UID 1000.
[[0;32m  OK  [0m] Started Wait until snapd is fully seeded.
         Starting Apply the settings specified in cloud-config...
[[0;32m  OK  [0m] Reached target Multi-User System.
[[0;32m  OK  [0m] Reached target Graphical Interface.
         Starting Update UTMP about System Runlevel Changes...
[[0;32m  OK  [0m] Started Update UTMP about System Runlevel Changes.
[   13.028742] cloud-init[1321]: Cloud-init v. 20.4.1-0ubuntu1~18.04.1 running 'modules:config' at Wed, 07 Apr 2021 21:23:44 +0000. Up 12.39 seconds.
[[0;32m  OK  [0m] Started Apply the settings specified in cloud-config.
         Starting Execute cloud user/final scripts...
ci-info: no authorized SSH keys fingerprints found for user ubuntu.
<14>Apr  7 21:23:45 ec2: 
<14>Apr  7 21:23:45 ec2: #############################################################
<14>Apr  7 21:23:45 ec2: -----BEGIN SSH HOST KEY FINGERPRINTS-----
<14>Apr  7 21:23:45 ec2: 1024 SHA256:Np62gnl/0RkGOw63BbigJCgxkkX/xy3d33RES1rYGu8 root@ubuntu-bionic (DSA)
<14>Apr  7 21:23:45 ec2: 256 SHA256:WMrhxOdLAcfgdbFr0EFum2EqQKk3TvO0PvK7Gzb16hE root@ubuntu-bionic (ECDSA)
<14>Apr  7 21:23:45 ec2: 256 SHA256:xdgeT9eWn18FH1kSyJeQJBI7tnTwQxVIzmyD1FD/CZE root@ubuntu-bionic (ED25519)
<14>Apr  7 21:23:45 ec2: 2048 SHA256:iSybo4wDiJRMYoZ9X1yjPr/OmdBJanb5oa3RE2iDZ+4 root@ubuntu-bionic (RSA)
<14>Apr  7 21:23:45 ec2: -----END SSH HOST KEY FINGERPRINTS-----
<14>Apr  7 21:23:45 ec2: #############################################################
-----BEGIN SSH HOST KEY KEYS-----
ecdsa-sha2-nistp256 AAAAE2VjZHNhLXNoYTItbmlzdHAyNTYAAAAIbmlzdHAyNTYAAABBBDc3ow8no5/ka4mO1TiaHaYqauNtnCrVrJC84ZUGoSp7fLzbxsaVxKZejreTDhU4xp49JfFk29RPYTZsP2ULsqc= root@ubuntu-bionic
ssh-ed25519 AAAAC3NzaC1lZDI1NTE5AAAAINu1upZ4RZEOMDlcwgD1pBSP5LP0dPGvQnntVCQuHf/l root@ubuntu-bionic
ssh-rsa AAAAB3NzaC1yc2EAAAADAQABAAABAQDaaYddfTd1qICVJRHsvu5Q3DTiSJv24QfcpvWpy506du2ZAqTHRG2VwCGoO9tcNGGT2y/rNTN8ieRIlDQdSw71teX7fFQiblNYKXSzdkpclKd0ucgDp+VkzgUTPEoB78H86n0z/q2DARGHKkZJJPok0qXYju27GRU8kJdUZBDlMo92Y/ZsywFIBP9NYawpdlNhGDApGWFL3ok/6aUkcghYaaMqeUqVU1fQOoRdMa/gHxX1CXdfDEMArwnhZHUH9fCuJkNnAxh48+ZplcnkFcKlFP8dgvZGrnnEHwZez2dK8bBeFhUoP/xA9sMJVPdWD3+6zckSjfzfDI8vAM3teRVF root@ubuntu-bionic
-----END SSH HOST KEY KEYS-----
[   13.438158] cloud-init[1436]: Cloud-init v. 20.4.1-0ubuntu1~18.04.1 running 'modules:final' at Wed, 07 Apr 2021 21:23:45 +0000. Up 13.32 seconds.
[   13.438984] cloud-init[1436]: ci-info: no authorized SSH keys fingerprints found for user ubuntu.
[   13.439465] cloud-init[1436]: Cloud-init v. 20.4.1-0ubuntu1~18.04.1 finished at Wed, 07 Apr 2021 21:23:45 +0000. Datasource DataSourceNoCloud [seed=/dev/sdb][dsmode=net].  Up 13.43 seconds
[[0;32m  OK  [0m] Started Execute cloud user/final scripts.
[[0;32m  OK  [0m] Reached target Cloud-init target.

Ubuntu 18.04.5 LTS ubuntu-bionic ttyS0

ubuntu-bionic login: 